[0m2021.12.05 23:09:06 INFO  Started: Metals version 0.10.9 in workspace 'C:\Users\nkuma267\Desktop\ScalaRejex' for client Visual Studio Code 1.62.3.[0m
[0m2021.12.05 23:09:08 INFO  time: initialize in 2.02s[0m
[0m2021.12.05 23:09:09 WARN  Build server is not auto-connectable.[0m
[0m2021.12.05 23:09:09 WARN  no build tool detected in workspace 'C:\Users\nkuma267\Desktop\ScalaRejex'. The most common cause for this problem is that the editor was opened in the wrong working directory, for example if you use sbt then the workspace directory should contain build.sbt. [0m
[0m2021.12.05 23:09:09 WARN  no build target for: C:\Users\nkuma267\Desktop\ScalaRejex\rejex.sc[0m
[0m2021.12.05 23:09:15 INFO  no build target: using presentation compiler with only scala-library: 3.1.0[0m
[0m2021.12.05 23:09:19 INFO  time: code lens generation in 9.5s[0m
Dec 05, 2021 11:09:44 PM org.eclipse.lsp4j.jsonrpc.RemoteEndpoint fallbackResponseError
SEVERE: Internal error: java.lang.reflect.InvocationTargetException
java.lang.RuntimeException: java.lang.reflect.InvocationTargetException
	at org.eclipse.lsp4j.jsonrpc.services.GenericEndpoint.lambda$null$0(GenericEndpoint.java:67)
	at org.eclipse.lsp4j.jsonrpc.services.GenericEndpoint.request(GenericEndpoint.java:120)
	at org.eclipse.lsp4j.jsonrpc.RemoteEndpoint.handleRequest(RemoteEndpoint.java:261)
	at org.eclipse.lsp4j.jsonrpc.RemoteEndpoint.consume(RemoteEndpoint.java:190)
	at org.eclipse.lsp4j.jsonrpc.json.StreamMessageProducer.handleMessage(StreamMessageProducer.java:194)
	at org.eclipse.lsp4j.jsonrpc.json.StreamMessageProducer.listen(StreamMessageProducer.java:94)
	at org.eclipse.lsp4j.jsonrpc.json.ConcurrentMessageProcessor.run(ConcurrentMessageProcessor.java:113)
	at java.base/java.util.concurrent.Executors$RunnableAdapter.call(Executors.java:515)
	at java.base/java.util.concurrent.FutureTask.run(FutureTask.java:264)
	at java.base/java.util.concurrent.ThreadPoolExecutor.runWorker(ThreadPoolExecutor.java:1128)
	at java.base/java.util.concurrent.ThreadPoolExecutor$Worker.run(ThreadPoolExecutor.java:628)
	at java.base/java.lang.Thread.run(Thread.java:829)
Caused by: java.lang.reflect.InvocationTargetException
	at java.base/jdk.internal.reflect.NativeMethodAccessorImpl.invoke0(Native Method)
	at java.base/jdk.internal.reflect.NativeMethodAccessorImpl.invoke(NativeMethodAccessorImpl.java:62)
	at java.base/jdk.internal.reflect.DelegatingMethodAccessorImpl.invoke(DelegatingMethodAccessorImpl.java:43)
	at java.base/java.lang.reflect.Method.invoke(Method.java:566)
	at org.eclipse.lsp4j.jsonrpc.services.GenericEndpoint.lambda$null$0(GenericEndpoint.java:65)
	... 11 more
Caused by: java.lang.IllegalArgumentException: 3 is not a valid line number, allowed [0..0]
	at scala.meta.internal.inputs.InternalInput.lineToOffset(InternalInput.scala:37)
	at scala.meta.internal.inputs.InternalInput.lineToOffset$(InternalInput.scala:32)
	at scala.meta.inputs.Input$VirtualFile.lineToOffset(Input.scala:80)
	at scala.meta.inputs.Position$Range$.apply(Position.scala:59)
	at scala.meta.internal.mtags.MtagsEnrichments$XtensionPositionLspInverse.toMeta(MtagsEnrichments.scala:133)
	at scala.meta.internal.parsing.Trees.$anonfun$findLastEnclosingAt$4(Trees.scala:77)
	at scala.Option.flatMap(Option.scala:271)
	at scala.meta.internal.parsing.Trees.findLastEnclosingAt(Trees.scala:76)
	at scala.meta.internal.metals.codeactions.PatternMatchRefactor.contribute(PatternMatchRefactor.scala:96)
	at scala.meta.internal.metals.CodeActionProvider$$anonfun$1.applyOrElse(CodeActionProvider.scala:62)
	at scala.meta.internal.metals.CodeActionProvider$$anonfun$1.applyOrElse(CodeActionProvider.scala:61)
	at scala.collection.immutable.List.collect(List.scala:323)
	at scala.meta.internal.metals.CodeActionProvider.codeActions(CodeActionProvider.scala:61)
	at scala.meta.internal.metals.MetalsLanguageServer.$anonfun$codeAction$1(MetalsLanguageServer.scala:1555)
	at scala.meta.internal.metals.CancelTokens$.future(CancelTokens.scala:38)
	at scala.meta.internal.metals.MetalsLanguageServer.codeAction(MetalsLanguageServer.scala:1554)
	... 16 more

Dec 05, 2021 11:09:44 PM org.eclipse.lsp4j.jsonrpc.RemoteEndpoint fallbackResponseError
SEVERE: Internal error: java.lang.reflect.InvocationTargetException
java.lang.RuntimeException: java.lang.reflect.InvocationTargetException
	at org.eclipse.lsp4j.jsonrpc.services.GenericEndpoint.lambda$null$0(GenericEndpoint.java:67)
	at org.eclipse.lsp4j.jsonrpc.services.GenericEndpoint.request(GenericEndpoint.java:120)
	at org.eclipse.lsp4j.jsonrpc.RemoteEndpoint.handleRequest(RemoteEndpoint.java:261)
	at org.eclipse.lsp4j.jsonrpc.RemoteEndpoint.consume(RemoteEndpoint.java:190)
	at org.eclipse.lsp4j.jsonrpc.json.StreamMessageProducer.handleMessage(StreamMessageProducer.java:194)
	at org.eclipse.lsp4j.jsonrpc.json.StreamMessageProducer.listen(StreamMessageProducer.java:94)
	at org.eclipse.lsp4j.jsonrpc.json.ConcurrentMessageProcessor.run(ConcurrentMessageProcessor.java:113)
	at java.base/java.util.concurrent.Executors$RunnableAdapter.call(Executors.java:515)
	at java.base/java.util.concurrent.FutureTask.run(FutureTask.java:264)
	at java.base/java.util.concurrent.ThreadPoolExecutor.runWorker(ThreadPoolExecutor.java:1128)
	at java.base/java.util.concurrent.ThreadPoolExecutor$Worker.run(ThreadPoolExecutor.java:628)
	at java.base/java.lang.Thread.run(Thread.java:829)
Caused by: java.lang.reflect.InvocationTargetException
	at java.base/jdk.internal.reflect.NativeMethodAccessorImpl.invoke0(Native Method)
	at java.base/jdk.internal.reflect.NativeMethodAccessorImpl.invoke(NativeMethodAccessorImpl.java:62)
	at java.base/jdk.internal.reflect.DelegatingMethodAccessorImpl.invoke(DelegatingMethodAccessorImpl.java:43)
	at java.base/java.lang.reflect.Method.invoke(Method.java:566)
	at org.eclipse.lsp4j.jsonrpc.services.GenericEndpoint.lambda$null$0(GenericEndpoint.java:65)
	... 11 more
Caused by: java.lang.IllegalArgumentException: 3 is not a valid line number, allowed [0..0]
	at scala.meta.internal.inputs.InternalInput.lineToOffset(InternalInput.scala:37)
	at scala.meta.internal.inputs.InternalInput.lineToOffset$(InternalInput.scala:32)
	at scala.meta.inputs.Input$VirtualFile.lineToOffset(Input.scala:80)
	at scala.meta.inputs.Position$Range$.apply(Position.scala:59)
	at scala.meta.internal.mtags.MtagsEnrichments$XtensionPositionLspInverse.toMeta(MtagsEnrichments.scala:133)
	at scala.meta.internal.parsing.Trees.$anonfun$findLastEnclosingAt$4(Trees.scala:77)
	at scala.Option.flatMap(Option.scala:271)
	at scala.meta.internal.parsing.Trees.findLastEnclosingAt(Trees.scala:76)
	at scala.meta.internal.metals.codeactions.PatternMatchRefactor.contribute(PatternMatchRefactor.scala:96)
	at scala.meta.internal.metals.CodeActionProvider$$anonfun$1.applyOrElse(CodeActionProvider.scala:62)
	at scala.meta.internal.metals.CodeActionProvider$$anonfun$1.applyOrElse(CodeActionProvider.scala:61)
	at scala.collection.immutable.List.collect(List.scala:323)
	at scala.meta.internal.metals.CodeActionProvider.codeActions(CodeActionProvider.scala:61)
	at scala.meta.internal.metals.MetalsLanguageServer.$anonfun$codeAction$1(MetalsLanguageServer.scala:1555)
	at scala.meta.internal.metals.CancelTokens$.future(CancelTokens.scala:38)
	at scala.meta.internal.metals.MetalsLanguageServer.codeAction(MetalsLanguageServer.scala:1554)
	... 16 more

[0m2021.12.05 23:09:45 WARN  no build target for: C:\Users\nkuma267\Desktop\ScalaRejex\rejex.sc[0m
Dec 05, 2021 11:09:45 PM org.eclipse.lsp4j.jsonrpc.RemoteEndpoint fallbackResponseError
SEVERE: Internal error: java.lang.reflect.InvocationTargetException
java.lang.RuntimeException: java.lang.reflect.InvocationTargetException
	at org.eclipse.lsp4j.jsonrpc.services.GenericEndpoint.lambda$null$0(GenericEndpoint.java:67)
	at org.eclipse.lsp4j.jsonrpc.services.GenericEndpoint.request(GenericEndpoint.java:120)
	at org.eclipse.lsp4j.jsonrpc.RemoteEndpoint.handleRequest(RemoteEndpoint.java:261)
	at org.eclipse.lsp4j.jsonrpc.RemoteEndpoint.consume(RemoteEndpoint.java:190)
	at org.eclipse.lsp4j.jsonrpc.json.StreamMessageProducer.handleMessage(StreamMessageProducer.java:194)
	at org.eclipse.lsp4j.jsonrpc.json.StreamMessageProducer.listen(StreamMessageProducer.java:94)
	at org.eclipse.lsp4j.jsonrpc.json.ConcurrentMessageProcessor.run(ConcurrentMessageProcessor.java:113)
	at java.base/java.util.concurrent.Executors$RunnableAdapter.call(Executors.java:515)
	at java.base/java.util.concurrent.FutureTask.run(FutureTask.java:264)
	at java.base/java.util.concurrent.ThreadPoolExecutor.runWorker(ThreadPoolExecutor.java:1128)
	at java.base/java.util.concurrent.ThreadPoolExecutor$Worker.run(ThreadPoolExecutor.java:628)
	at java.base/java.lang.Thread.run(Thread.java:829)
Caused by: java.lang.reflect.InvocationTargetException
	at java.base/jdk.internal.reflect.NativeMethodAccessorImpl.invoke0(Native Method)
	at java.base/jdk.internal.reflect.NativeMethodAccessorImpl.invoke(NativeMethodAccessorImpl.java:62)
	at java.base/jdk.internal.reflect.DelegatingMethodAccessorImpl.invoke(DelegatingMethodAccessorImpl.java:43)
	at java.base/java.lang.reflect.Method.invoke(Method.java:566)
	at org.eclipse.lsp4j.jsonrpc.services.GenericEndpoint.lambda$null$0(GenericEndpoint.java:65)
	... 11 more
Caused by: java.lang.IllegalArgumentException: 3 is not a valid line number, allowed [0..0]
	at scala.meta.internal.inputs.InternalInput.lineToOffset(InternalInput.scala:37)
	at scala.meta.internal.inputs.InternalInput.lineToOffset$(InternalInput.scala:32)
	at scala.meta.inputs.Input$VirtualFile.lineToOffset(Input.scala:80)
	at scala.meta.inputs.Position$Range$.apply(Position.scala:59)
	at scala.meta.internal.mtags.MtagsEnrichments$XtensionPositionLspInverse.toMeta(MtagsEnrichments.scala:133)
	at scala.meta.internal.parsing.Trees.$anonfun$findLastEnclosingAt$4(Trees.scala:77)
	at scala.Option.flatMap(Option.scala:271)
	at scala.meta.internal.parsing.Trees.findLastEnclosingAt(Trees.scala:76)
	at scala.meta.internal.metals.codeactions.PatternMatchRefactor.contribute(PatternMatchRefactor.scala:96)
	at scala.meta.internal.metals.CodeActionProvider$$anonfun$1.applyOrElse(CodeActionProvider.scala:62)
	at scala.meta.internal.metals.CodeActionProvider$$anonfun$1.applyOrElse(CodeActionProvider.scala:61)
	at scala.collection.immutable.List.collect(List.scala:323)
	at scala.meta.internal.metals.CodeActionProvider.codeActions(CodeActionProvider.scala:61)
	at scala.meta.internal.metals.MetalsLanguageServer.$anonfun$codeAction$1(MetalsLanguageServer.scala:1555)
	at scala.meta.internal.metals.CancelTokens$.future(CancelTokens.scala:38)
	at scala.meta.internal.metals.MetalsLanguageServer.codeAction(MetalsLanguageServer.scala:1554)
	... 16 more

[0m2021.12.05 23:09:50 WARN  no build target for: C:\Users\nkuma267\Desktop\ScalaRejex\rejex.sc[0m
[0m2021.12.05 23:09:52 WARN  no build target for: C:\Users\nkuma267\Desktop\ScalaRejex\rejex.sc[0m
[0m2021.12.05 23:09:53 WARN  no build target for: C:\Users\nkuma267\Desktop\ScalaRejex\rejex.sc[0m
[0m2021.12.05 23:09:57 WARN  no build target for: C:\Users\nkuma267\Desktop\ScalaRejex\rejex.sc[0m
[0m2021.12.05 23:10:02 WARN  no build target for: C:\Users\nkuma267\Desktop\ScalaRejex\rejex.sc[0m
Dec 05, 2021 11:10:05 PM org.eclipse.lsp4j.jsonrpc.RemoteEndpoint fallbackResponseError
SEVERE: Internal error: java.lang.reflect.InvocationTargetException
java.lang.RuntimeException: java.lang.reflect.InvocationTargetException
	at org.eclipse.lsp4j.jsonrpc.services.GenericEndpoint.lambda$null$0(GenericEndpoint.java:67)
	at org.eclipse.lsp4j.jsonrpc.services.GenericEndpoint.request(GenericEndpoint.java:120)
	at org.eclipse.lsp4j.jsonrpc.RemoteEndpoint.handleRequest(RemoteEndpoint.java:261)
	at org.eclipse.lsp4j.jsonrpc.RemoteEndpoint.consume(RemoteEndpoint.java:190)
	at org.eclipse.lsp4j.jsonrpc.json.StreamMessageProducer.handleMessage(StreamMessageProducer.java:194)
	at org.eclipse.lsp4j.jsonrpc.json.StreamMessageProducer.listen(StreamMessageProducer.java:94)
	at org.eclipse.lsp4j.jsonrpc.json.ConcurrentMessageProcessor.run(ConcurrentMessageProcessor.java:113)
	at java.base/java.util.concurrent.Executors$RunnableAdapter.call(Executors.java:515)
	at java.base/java.util.concurrent.FutureTask.run(FutureTask.java:264)
	at java.base/java.util.concurrent.ThreadPoolExecutor.runWorker(ThreadPoolExecutor.java:1128)
	at java.base/java.util.concurrent.ThreadPoolExecutor$Worker.run(ThreadPoolExecutor.java:628)
	at java.base/java.lang.Thread.run(Thread.java:829)
Caused by: java.lang.reflect.InvocationTargetException
	at java.base/jdk.internal.reflect.NativeMethodAccessorImpl.invoke0(Native Method)
	at java.base/jdk.internal.reflect.NativeMethodAccessorImpl.invoke(NativeMethodAccessorImpl.java:62)
	at java.base/jdk.internal.reflect.DelegatingMethodAccessorImpl.invoke(DelegatingMethodAccessorImpl.java:43)
	at java.base/java.lang.reflect.Method.invoke(Method.java:566)
	at org.eclipse.lsp4j.jsonrpc.services.GenericEndpoint.lambda$null$0(GenericEndpoint.java:65)
	... 11 more
Caused by: java.lang.IllegalArgumentException: 3 is not a valid line number, allowed [0..0]
	at scala.meta.internal.inputs.InternalInput.lineToOffset(InternalInput.scala:37)
	at scala.meta.internal.inputs.InternalInput.lineToOffset$(InternalInput.scala:32)
	at scala.meta.inputs.Input$VirtualFile.lineToOffset(Input.scala:80)
	at scala.meta.inputs.Position$Range$.apply(Position.scala:59)
	at scala.meta.internal.mtags.MtagsEnrichments$XtensionPositionLspInverse.toMeta(MtagsEnrichments.scala:133)
	at scala.meta.internal.parsing.Trees.$anonfun$findLastEnclosingAt$4(Trees.scala:77)
	at scala.Option.flatMap(Option.scala:271)
	at scala.meta.internal.parsing.Trees.findLastEnclosingAt(Trees.scala:76)
	at scala.meta.internal.metals.codeactions.PatternMatchRefactor.contribute(PatternMatchRefactor.scala:96)
	at scala.meta.internal.metals.CodeActionProvider$$anonfun$1.applyOrElse(CodeActionProvider.scala:62)
	at scala.meta.internal.metals.CodeActionProvider$$anonfun$1.applyOrElse(CodeActionProvider.scala:61)
	at scala.collection.immutable.List.collect(List.scala:323)
	at scala.meta.internal.metals.CodeActionProvider.codeActions(CodeActionProvider.scala:61)
	at scala.meta.internal.metals.MetalsLanguageServer.$anonfun$codeAction$1(MetalsLanguageServer.scala:1555)
	at scala.meta.internal.metals.CancelTokens$.future(CancelTokens.scala:38)
	at scala.meta.internal.metals.MetalsLanguageServer.codeAction(MetalsLanguageServer.scala:1554)
	... 16 more

[0m2021.12.05 23:10:08 WARN  no build target for: C:\Users\nkuma267\Desktop\ScalaRejex\rejex.sc[0m
[0m2021.12.05 23:10:11 WARN  no build target for: C:\Users\nkuma267\Desktop\ScalaRejex\rejex.sc[0m
[0m2021.12.05 23:10:15 WARN  no build target for: C:\Users\nkuma267\Desktop\ScalaRejex\rejex.sc[0m
[0m2021.12.05 23:11:20 WARN  no build target for: C:\Users\nkuma267\Desktop\ScalaRejex\rejex.sc[0m
[0m2021.12.05 23:11:28 WARN  no build target for: C:\Users\nkuma267\Desktop\ScalaRejex\rejex.sc[0m
[0m2021.12.05 23:16:53 WARN  no build target for: C:\Users\nkuma267\Desktop\ScalaRejex\rejex.sc[0m
[0m2021.12.05 23:16:54 WARN  no build target for: C:\Users\nkuma267\Desktop\ScalaRejex\rejex.sc[0m
[0m2021.12.05 23:18:19 WARN  no build target for: C:\Users\nkuma267\Desktop\ScalaRejex\rejex.sc[0m
[0m2021.12.05 23:18:22 WARN  no build target for: C:\Users\nkuma267\Desktop\ScalaRejex\rejex.sc[0m
[0m2021.12.05 23:18:24 WARN  no build target for: C:\Users\nkuma267\Desktop\ScalaRejex\rejex.sc[0m
Dec 05, 2021 11:18:54 PM org.eclipse.lsp4j.jsonrpc.RemoteEndpoint handleCancellation
WARNING: Unmatched cancel notification for request id 135
[0m2021.12.05 23:18:59 WARN  no build target for: C:\Users\nkuma267\Desktop\ScalaRejex\rejex.sc[0m
[0m2021.12.05 23:19:08 WARN  no build target for: C:\Users\nkuma267\Desktop\ScalaRejex\rejex.sc[0m
[0m2021.12.05 23:19:10 WARN  no build target for: C:\Users\nkuma267\Desktop\ScalaRejex\rejex.sc[0m
[0m2021.12.05 23:22:40 WARN  no build target for: C:\Users\nkuma267\Desktop\ScalaRejex\rejex.sc[0m
[0m2021.12.05 23:22:42 WARN  no build target for: C:\Users\nkuma267\Desktop\ScalaRejex\rejex.sc[0m
Dec 05, 2021 11:32:15 PM org.eclipse.lsp4j.jsonrpc.RemoteEndpoint handleCancellation
WARNING: Unmatched cancel notification for request id 192
[0m2021.12.05 23:32:16 WARN  no build target for: C:\Users\nkuma267\Desktop\ScalaRejex\rejex.sc[0m
[0m2021.12.05 23:32:20 WARN  no build target for: C:\Users\nkuma267\Desktop\ScalaRejex\rejex.sc[0m
[0m2021.12.05 23:32:23 WARN  no build target for: C:\Users\nkuma267\Desktop\ScalaRejex\rejex.sc[0m
[0m2021.12.05 23:33:02 WARN  no build target for: C:\Users\nkuma267\Desktop\ScalaRejex\rejex.sc[0m
[0m2021.12.05 23:33:20 WARN  no build target for: C:\Users\nkuma267\Desktop\ScalaRejex\rejex.sc[0m
[0m2021.12.05 23:33:22 WARN  no build target for: C:\Users\nkuma267\Desktop\ScalaRejex\rejex.sc[0m
[0m2021.12.05 23:35:56 WARN  no build target for: C:\Users\nkuma267\Desktop\ScalaRejex\rejex.sc[0m
[0m2021.12.05 23:44:25 WARN  no build target for: C:\Users\nkuma267\Desktop\ScalaRejex\rejex.sc[0m
[0m2021.12.05 23:44:26 WARN  no build target for: C:\Users\nkuma267\Desktop\ScalaRejex\rejex.sc[0m
[0m2021.12.05 23:44:30 WARN  no build target for: C:\Users\nkuma267\Desktop\ScalaRejex\rejex.sc[0m
[0m2021.12.05 23:44:32 WARN  no build target for: C:\Users\nkuma267\Desktop\ScalaRejex\rejex.sc[0m
[0m2021.12.05 23:44:38 WARN  no build target for: C:\Users\nkuma267\Desktop\ScalaRejex\rejex.sc[0m
[0m2021.12.05 23:44:40 WARN  no build target for: C:\Users\nkuma267\Desktop\ScalaRejex\rejex.sc[0m
[0m2021.12.05 23:44:42 WARN  no build target for: C:\Users\nkuma267\Desktop\ScalaRejex\rejex.sc[0m
[0m2021.12.05 23:44:44 WARN  no build target for: C:\Users\nkuma267\Desktop\ScalaRejex\rejex.sc[0m
[0m2021.12.05 23:44:48 WARN  no build target for: C:\Users\nkuma267\Desktop\ScalaRejex\rejex.sc[0m
[0m2021.12.05 23:44:52 WARN  no build target for: C:\Users\nkuma267\Desktop\ScalaRejex\rejex.sc[0m
[0m2021.12.05 23:44:56 WARN  no build target for: C:\Users\nkuma267\Desktop\ScalaRejex\rejex.sc[0m
[0m2021.12.05 23:44:58 WARN  no build target for: C:\Users\nkuma267\Desktop\ScalaRejex\rejex.sc[0m
[0m2021.12.05 23:45:00 WARN  no build target for: C:\Users\nkuma267\Desktop\ScalaRejex\rejex.sc[0m
[0m2021.12.05 23:45:02 WARN  no build target for: C:\Users\nkuma267\Desktop\ScalaRejex\rejex.sc[0m
[0m2021.12.05 23:45:10 WARN  no build target for: C:\Users\nkuma267\Desktop\ScalaRejex\rejex.sc[0m
[0m2021.12.05 23:45:14 WARN  no build target for: C:\Users\nkuma267\Desktop\ScalaRejex\rejex.sc[0m
[0m2021.12.05 23:45:17 WARN  no build target for: C:\Users\nkuma267\Desktop\ScalaRejex\rejex.sc[0m
[0m2021.12.05 23:45:20 WARN  no build target for: C:\Users\nkuma267\Desktop\ScalaRejex\rejex.sc[0m
[0m2021.12.05 23:45:22 WARN  no build target for: C:\Users\nkuma267\Desktop\ScalaRejex\rejex.sc[0m
[0m2021.12.05 23:45:24 WARN  no build target for: C:\Users\nkuma267\Desktop\ScalaRejex\rejex.sc[0m
[0m2021.12.05 23:45:28 WARN  no build target for: C:\Users\nkuma267\Desktop\ScalaRejex\rejex.sc[0m
[0m2021.12.05 23:45:40 WARN  no build target for: C:\Users\nkuma267\Desktop\ScalaRejex\rejex.sc[0m
[0m2021.12.05 23:46:27 WARN  no build target for: C:\Users\nkuma267\Desktop\ScalaRejex\rejex.sc[0m
[0m2021.12.05 23:47:25 WARN  no build target for: C:\Users\nkuma267\Desktop\ScalaRejex\rejex.sc[0m
[0m2021.12.05 23:47:27 WARN  no build target for: C:\Users\nkuma267\Desktop\ScalaRejex\rejex.sc[0m
[0m2021.12.05 23:47:34 WARN  no build target for: C:\Users\nkuma267\Desktop\ScalaRejex\rejex.sc[0m
[0m2021.12.05 23:47:36 WARN  no build target for: C:\Users\nkuma267\Desktop\ScalaRejex\rejex.sc[0m
[0m2021.12.05 23:47:40 WARN  no build target for: C:\Users\nkuma267\Desktop\ScalaRejex\rejex.sc[0m
[0m2021.12.05 23:48:18 WARN  no build target for: C:\Users\nkuma267\Desktop\ScalaRejex\rejex.sc[0m
[0m2021.12.05 23:48:25 WARN  no build target for: C:\Users\nkuma267\Desktop\ScalaRejex\rejex.sc[0m
[0m2021.12.05 23:48:31 WARN  no build target for: C:\Users\nkuma267\Desktop\ScalaRejex\rejex.sc[0m
[0m2021.12.05 23:49:33 WARN  no build target for: C:\Users\nkuma267\Desktop\ScalaRejex\rejex.sc[0m
[0m2021.12.05 23:50:31 WARN  no build target for: C:\Users\nkuma267\Desktop\ScalaRejex\rejex.sc[0m
[0m2021.12.05 23:52:45 WARN  no build target for: C:\Users\nkuma267\Desktop\ScalaRejex\rejex.sc[0m
[0m2021.12.06 00:04:25 WARN  no build target for: C:\Users\nkuma267\Desktop\ScalaRejex\rejex.sc[0m
[0m2021.12.06 00:04:34 WARN  no build target for: C:\Users\nkuma267\Desktop\ScalaRejex\rejex.sc[0m
[0m2021.12.06 00:04:44 WARN  no build target for: C:\Users\nkuma267\Desktop\ScalaRejex\rejex.sc[0m
[0m2021.12.06 00:04:46 WARN  no build target for: C:\Users\nkuma267\Desktop\ScalaRejex\rejex.sc[0m
[0m2021.12.06 00:04:47 WARN  no build target for: C:\Users\nkuma267\Desktop\ScalaRejex\rejex.sc[0m
[0m2021.12.06 00:04:52 WARN  no build target for: C:\Users\nkuma267\Desktop\ScalaRejex\rejex.sc[0m
[0m2021.12.06 00:04:53 WARN  no build target for: C:\Users\nkuma267\Desktop\ScalaRejex\rejex.sc[0m
[0m2021.12.06 00:04:54 WARN  no build target for: C:\Users\nkuma267\Desktop\ScalaRejex\rejex.sc[0m
[0m2021.12.06 00:04:57 WARN  no build target for: C:\Users\nkuma267\Desktop\ScalaRejex\rejex.sc[0m
[0m2021.12.06 00:05:00 WARN  no build target for: C:\Users\nkuma267\Desktop\ScalaRejex\rejex.sc[0m
[0m2021.12.06 00:05:03 WARN  no build target for: C:\Users\nkuma267\Desktop\ScalaRejex\rejex.sc[0m
[0m2021.12.06 00:05:05 WARN  no build target for: C:\Users\nkuma267\Desktop\ScalaRejex\rejex.sc[0m
[0m2021.12.06 00:05:11 WARN  no build target for: C:\Users\nkuma267\Desktop\ScalaRejex\rejex.sc[0m
[0m2021.12.06 00:05:14 WARN  no build target for: C:\Users\nkuma267\Desktop\ScalaRejex\rejex.sc[0m
[0m2021.12.06 00:05:27 WARN  no build target for: C:\Users\nkuma267\Desktop\ScalaRejex\rejex.sc[0m
[0m2021.12.06 00:05:29 WARN  no build target for: C:\Users\nkuma267\Desktop\ScalaRejex\rejex.sc[0m
[0m2021.12.06 00:05:31 WARN  no build target for: C:\Users\nkuma267\Desktop\ScalaRejex\rejex.sc[0m
[0m2021.12.06 00:05:33 WARN  no build target for: C:\Users\nkuma267\Desktop\ScalaRejex\rejex.sc[0m
[0m2021.12.06 00:05:34 WARN  no build target for: C:\Users\nkuma267\Desktop\ScalaRejex\rejex.sc[0m
[0m2021.12.06 00:05:41 WARN  no build target for: C:\Users\nkuma267\Desktop\ScalaRejex\rejex.sc[0m
[0m2021.12.06 00:05:49 WARN  no build target for: C:\Users\nkuma267\Desktop\ScalaRejex\rejex.sc[0m
[0m2021.12.06 00:05:53 WARN  no build target for: C:\Users\nkuma267\Desktop\ScalaRejex\rejex.sc[0m
[0m2021.12.06 00:05:55 WARN  no build target for: C:\Users\nkuma267\Desktop\ScalaRejex\rejex.sc[0m
[0m2021.12.06 00:06:00 WARN  no build target for: C:\Users\nkuma267\Desktop\ScalaRejex\rejex.sc[0m
[0m2021.12.06 00:06:03 WARN  no build target for: C:\Users\nkuma267\Desktop\ScalaRejex\rejex.sc[0m
[0m2021.12.06 00:06:05 WARN  no build target for: C:\Users\nkuma267\Desktop\ScalaRejex\rejex.sc[0m
[0m2021.12.06 00:06:07 WARN  no build target for: C:\Users\nkuma267\Desktop\ScalaRejex\rejex.sc[0m
[0m2021.12.06 00:06:09 WARN  no build target for: C:\Users\nkuma267\Desktop\ScalaRejex\rejex.sc[0m
[0m2021.12.06 00:06:11 WARN  no build target for: C:\Users\nkuma267\Desktop\ScalaRejex\rejex.sc[0m
[0m2021.12.06 00:06:13 WARN  no build target for: C:\Users\nkuma267\Desktop\ScalaRejex\rejex.sc[0m
[0m2021.12.06 00:06:17 WARN  no build target for: C:\Users\nkuma267\Desktop\ScalaRejex\rejex.sc[0m
[0m2021.12.06 00:06:25 WARN  no build target for: C:\Users\nkuma267\Desktop\ScalaRejex\rejex.sc[0m
[0m2021.12.06 00:06:32 WARN  no build target for: C:\Users\nkuma267\Desktop\ScalaRejex\rejex.sc[0m
[0m2021.12.06 00:06:33 WARN  no build target for: C:\Users\nkuma267\Desktop\ScalaRejex\rejex.sc[0m
[0m2021.12.06 00:06:35 WARN  no build target for: C:\Users\nkuma267\Desktop\ScalaRejex\rejex.sc[0m
[0m2021.12.06 00:06:37 WARN  no build target for: C:\Users\nkuma267\Desktop\ScalaRejex\rejex.sc[0m
[0m2021.12.06 00:06:46 WARN  no build target for: C:\Users\nkuma267\Desktop\ScalaRejex\rejex.sc[0m
[0m2021.12.06 00:07:54 WARN  no build target for: C:\Users\nkuma267\Desktop\ScalaRejex\rejex.sc[0m
[0m2021.12.06 00:08:07 INFO  shutting down Metals[0m
[0m2021.12.06 00:08:07 WARN  Error requesting Ammonite import
org.eclipse.lsp4j.jsonrpc.ResponseErrorException: Request window/showMessageRequest failed with message: Canceled
	at org.eclipse.lsp4j.jsonrpc.RemoteEndpoint.handleResponse(RemoteEndpoint.java:209)
	at org.eclipse.lsp4j.jsonrpc.RemoteEndpoint.consume(RemoteEndpoint.java:193)
	at org.eclipse.lsp4j.jsonrpc.json.StreamMessageProducer.handleMessage(StreamMessageProducer.java:194)
	at org.eclipse.lsp4j.jsonrpc.json.StreamMessageProducer.listen(StreamMessageProducer.java:94)
	at org.eclipse.lsp4j.jsonrpc.json.ConcurrentMessageProcessor.run(ConcurrentMessageProcessor.java:113)
	at java.util.concurrent.Executors$RunnableAdapter.call(Executors.java:515)
	at java.util.concurrent.FutureTask.run(FutureTask.java:264)
	at java.util.concurrent.ThreadPoolExecutor.runWorker(ThreadPoolExecutor.java:1128)
	at java.util.concurrent.ThreadPoolExecutor$Worker.run(ThreadPoolExecutor.java:628)
	at java.lang.Thread.run(Thread.java:829)
[0m
[0m2021.12.06 00:10:02 INFO  Started: Metals version 0.10.9 in workspace 'C:\Users\nkuma267\Desktop\ScalaRejex' for client Visual Studio Code 1.62.3.[0m
[0m2021.12.06 00:10:04 INFO  time: initialize in 1.81s[0m
[0m2021.12.06 00:10:04 WARN  Build server is not auto-connectable.[0m
[0m2021.12.06 00:10:04 WARN  no build tool detected in workspace 'C:\Users\nkuma267\Desktop\ScalaRejex'. The most common cause for this problem is that the editor was opened in the wrong working directory, for example if you use sbt then the workspace directory should contain build.sbt. [0m
[0m2021.12.06 00:10:05 WARN  no build target for: C:\Users\nkuma267\Desktop\ScalaRejex\rejex.sc[0m
Dec 06, 2021 12:10:06 AM org.eclipse.lsp4j.jsonrpc.RemoteEndpoint handleCancellation
WARNING: Unmatched cancel notification for request id 1
Dec 06, 2021 12:10:06 AM org.eclipse.lsp4j.jsonrpc.RemoteEndpoint handleCancellation
WARNING: Unmatched cancel notification for request id 2
[0m2021.12.06 00:10:09 INFO  no build target: using presentation compiler with only scala-library: 3.1.0[0m
Dec 06, 2021 12:10:10 AM org.eclipse.lsp4j.jsonrpc.RemoteEndpoint handleCancellation
WARNING: Unmatched cancel notification for request id 5
[0m2021.12.06 00:10:10 WARN  no build target for: C:\Users\nkuma267\Desktop\ScalaRejex\rejex.sc[0m
Dec 06, 2021 12:10:11 AM org.eclipse.lsp4j.jsonrpc.RemoteEndpoint handleCancellation
WARNING: Unmatched cancel notification for request id 7
Dec 06, 2021 12:10:11 AM org.eclipse.lsp4j.jsonrpc.RemoteEndpoint handleCancellation
WARNING: Unmatched cancel notification for request id 9
[0m2021.12.06 00:10:10 WARN  no build target for: C:\Users\nkuma267\Desktop\ScalaRejex\rejex.sc[0m
[0m2021.12.06 00:10:13 INFO  time: code lens generation in 2.43s[0m
[0m2021.12.06 00:10:13 INFO  time: code lens generation in 2.36s[0m
[0m2021.12.06 00:10:13 INFO  time: code lens generation in 2.38s[0m
[0m2021.12.06 00:10:13 INFO  time: code lens generation in 2.52s[0m
[0m2021.12.06 00:10:13 INFO  time: code lens generation in 2.39s[0m
[0m2021.12.06 00:10:13 INFO  time: code lens generation in 2.33s[0m
[0m2021.12.06 00:10:13 INFO  time: code lens generation in 2.41s[0m
[0m2021.12.06 00:10:13 INFO  time: code lens generation in 7.19s[0m
[0m2021.12.06 00:10:44 WARN  no build target for: C:\Users\nkuma267\Desktop\ScalaRejex\rejex.sc[0m
[0m2021.12.06 00:11:50 WARN  no build target for: C:\Users\nkuma267\Desktop\ScalaRejex\rejex.sc[0m
[0m2021.12.06 00:11:53 WARN  no build target for: C:\Users\nkuma267\Desktop\ScalaRejex\rejex.sc[0m
[0m2021.12.06 00:11:57 WARN  no build target for: C:\Users\nkuma267\Desktop\ScalaRejex\rejex.sc[0m
[0m2021.12.06 00:12:37 WARN  no build target for: C:\Users\nkuma267\Desktop\ScalaRejex\rejex.sc[0m
[0m2021.12.06 00:12:43 WARN  no build target for: C:\Users\nkuma267\Desktop\ScalaRejex\rejex.sc[0m
[0m2021.12.06 00:12:47 WARN  no build target for: C:\Users\nkuma267\Desktop\ScalaRejex\rejex.sc[0m
[0m2021.12.06 00:12:49 WARN  no build target for: C:\Users\nkuma267\Desktop\ScalaRejex\rejex.sc[0m
[0m2021.12.06 00:13:09 WARN  no build target for: C:\Users\nkuma267\Desktop\ScalaRejex\rejex.sc[0m
[0m2021.12.06 00:13:12 WARN  no build target for: C:\Users\nkuma267\Desktop\ScalaRejex\rejex.sc[0m
[0m2021.12.06 00:14:01 WARN  no build target for: C:\Users\nkuma267\Desktop\ScalaRejex\rejex.sc[0m
[0m2021.12.06 00:14:05 WARN  no build target for: C:\Users\nkuma267\Desktop\ScalaRejex\rejex.sc[0m
[0m2021.12.06 00:14:07 WARN  no build target for: C:\Users\nkuma267\Desktop\ScalaRejex\rejex.sc[0m
[0m2021.12.06 00:14:10 WARN  no build target for: C:\Users\nkuma267\Desktop\ScalaRejex\rejex.sc[0m
[0m2021.12.06 00:14:12 WARN  no build target for: C:\Users\nkuma267\Desktop\ScalaRejex\rejex.sc[0m
[0m2021.12.06 00:14:19 WARN  no build target for: C:\Users\nkuma267\Desktop\ScalaRejex\rejex.sc[0m
[0m2021.12.06 00:14:29 WARN  no build target for: C:\Users\nkuma267\Desktop\ScalaRejex\rejex.sc[0m
[0m2021.12.06 00:14:59 WARN  no build target for: C:\Users\nkuma267\Desktop\ScalaRejex\rejex.sc[0m
[0m2021.12.06 00:15:04 WARN  no build target for: C:\Users\nkuma267\Desktop\ScalaRejex\rejex.sc[0m
[0m2021.12.06 00:15:31 WARN  no build target for: C:\Users\nkuma267\Desktop\ScalaRejex\rejex.sc[0m
[0m2021.12.06 00:15:59 WARN  no build target for: C:\Users\nkuma267\Desktop\ScalaRejex\rejex.sc[0m
[0m2021.12.06 00:16:02 WARN  no build target for: C:\Users\nkuma267\Desktop\ScalaRejex\rejex.sc[0m
[0m2021.12.06 00:16:46 WARN  no build target for: C:\Users\nkuma267\Desktop\ScalaRejex\rejex.sc[0m
[0m2021.12.06 00:16:51 WARN  no build target for: C:\Users\nkuma267\Desktop\ScalaRejex\rejex.sc[0m
[0m2021.12.06 00:16:55 WARN  no build target for: C:\Users\nkuma267\Desktop\ScalaRejex\rejex.sc[0m
[0m2021.12.06 00:17:01 WARN  no build target for: C:\Users\nkuma267\Desktop\ScalaRejex\rejex.sc[0m
[0m2021.12.06 00:17:04 WARN  no build target for: C:\Users\nkuma267\Desktop\ScalaRejex\rejex.sc[0m
